#############################################################################

 Sp Lone pair involved Atomistic Model ( S L A M ) 

 Author (c)     :   Woongkyu Jee
 Affiliation    :   Universitiy College London, Department of Chemistry
 Contact        :   woong.jee.16@ucl.ac.uk / wldndrb1@gmail.com
 Version        :   slam_v_2.2  ( Lastest Update : 04. 28. 2020 SNAPSHOT )

#############################################################################

 Initiating SLAM Calculation

 Number of CPUs Requested   : 4

 Making Integral Table ( Using Cubic Spline Interpolation Algorithm )

 Table Set Up Wtime : 0.395755 s

#############################################################################

 General Input Info

-----------------------------------------------------------------------------
 QM - Born-Mayer potential on sp-lone pair density
-----------------------------------------------------------------------------
   O       2032.000000          0.178000
  Sn       7627.994000       7627.994000          0.108400          0.108400
-----------------------------------------------------------------------------
 MM - Buckingham potential is used as default
-----------------------------------------------------------------------------
  SHELL     O   SHELL       O       9547.960000    0.219200  -32.320000
     SP    Sn   SHELL       O       4806.800000    0.281650    0.000000
-----------------------------------------------------------------------------

 MM atoms/ions

-----------------------------------------------------------------------------
 Species.       x           y           z          Charge      Spring(k2)
-----------------------------------------------------------------------------
  O c       1.676513   -1.405558    0.040076       0.040000
  O s       1.666133   -1.384555    0.039413      -2.040000     6.300000
  O c      -1.332899    0.041791    1.197201       0.040000
  O s      -1.348777    0.040473    1.160005      -2.040000     6.300000
  O c      -1.343438   -0.042179   -1.188653       0.040000
  O s      -1.358985   -0.040857   -1.151318      -2.040000     6.300000
  O c       1.675924    1.406096   -0.058151       0.040000
  O s       1.665542    1.385073   -0.057395      -2.040000     6.300000
-----------------------------------------------------------------------------

 SP atoms/ions

-----------------------------------------------------------------------------
 Species.       x           y           z        q_c/q_sp           Esp
-----------------------------------------------------------------------------
 Sn        -3.081773   -0.000285    0.011977     4.000/-2.000    20.870650
 Sn        -0.343145    1.747740   -0.061494     4.000/-2.000    20.870650
 Sn        -0.342312   -1.747891    0.061245     4.000/-2.000    20.870650
 Sn         3.158534    0.000350   -0.015564     4.000/-2.000    20.870650
-----------------------------------------------------------------------------
#############################################################################

 Initialising Gradient Descent Optimiser ... 

 Position Integral Reference : -0.697005962926

 Internal Tolerances

 SCF Max Trials		   (-)		:	1200
 SCF Eigenvalue  Tolerance (eV)		:	1.000000e-11
 SCF Eigenvector Tolerance (-)		:	1.000000e-11
 Gnorm		 Tolerance (eV/Angs)	:	9.999900e-06

#############################################################################

 Configuration : 1 

 Geometric Derivatives ( eV / Angstrom )

-----------------------------------------------------------------------------
 Species.        x           y           z          |r| 
-----------------------------------------------------------------------------
  O  c      -0.000037    0.000019   -0.000110    0.000118
  O  s       0.000284   -0.000408   -0.000076    0.000503
  O  c       0.000004    0.000064   -0.000005    0.000065
  O  s       0.000533    0.000092    0.000655    0.000850
  O  c      -0.000009   -0.000112    0.000005    0.000113
  O  s       0.000512   -0.000116   -0.000654    0.000839
  O  c       0.000027    0.000035    0.000107    0.000115
  O  s       0.000327    0.000468    0.000071    0.000575
 Sn         -0.001362    0.000018    0.000004    0.001362
 Sn         -0.000846    0.000523   -0.000063    0.000996
 Sn         -0.000879   -0.000572    0.000063    0.001051
 Sn          0.001446   -0.000013    0.000004    0.001446
-----------------------------------------------------------------------------

 Cycle              :   1
 Gnorm  (eV/Angs)   :   0.000079
 Energy (eV)        :  -134.157299738942

-----------------------------------------------------------------------------

 Lone Pair Molecular Orbital Info ( Lowest EigenValue / EigenVector Set )

-----------------------------------------------------------------------------
 Species.   Energy(eV)       s           px           py          pz 
-----------------------------------------------------------------------------
 Sn         10.295537    0.951046     0.309045     0.000008    -0.001365
 Sn         15.508249    0.933138     0.234861    -0.272067     0.008579
 Sn         15.508808    0.933134     0.234694     0.272152    -0.010652
 Sn         19.079621    0.931572    -0.363553    -0.000017     0.001600
-----------------------------------------------------------------------------

 CONFIGURATION_XYZ_INFO ( step / number of atoms )   :   1  /  12
	8
 SCF DONE -134.157300
  O    1.676513   -1.405558    0.040076
  O   -1.332899    0.041791    1.197201
  O   -1.343438   -0.042179   -1.188653
  O    1.675924    1.406096   -0.058151
 Sn   -3.081773   -0.000285    0.011977
 Sn   -0.343145    1.747740   -0.061494
 Sn   -0.342312   -1.747891    0.061245
 Sn    3.158534    0.000350   -0.015564

 CONFIGURATION_XYZ_SC_INFO
 8	4
  O  c    1.676513   -1.405558    0.040076
  O  s    1.666133   -1.384555    0.039413
  O  c   -1.332899    0.041791    1.197201
  O  s   -1.348777    0.040473    1.160005
  O  c   -1.343438   -0.042179   -1.188653
  O  s   -1.358985   -0.040857   -1.151318
  O  c    1.675924    1.406096   -0.058151
  O  s    1.665542    1.385073   -0.057395
 Sn      -3.081773   -0.000285    0.011977
 Sn      -0.343145    1.747740   -0.061494
 Sn      -0.342312   -1.747891    0.061245
 Sn       3.158534    0.000350   -0.015564

-----------------------------------------------------------------------------

 Initiate Line Search ( Armijo-Goldstein-Wolfe )

 Wolfe-Condition is Achieved !

 Trial Count            :    25
 Original Energy (eV)   :   -134.157299738942
 Trial    Energy (eV)   :   -134.157299822333
 Diff     Energy (eV)   :   -0.000000083392

 Line Search Wtime	:  0.056642 s

-----------------------------------------------------------------------------

 Positive Definiteness ( TRUE )  :    0.000000

 Config RMS ( current_step - previous_step ) : 0.000002

 Finalising Optimisation Step ... 

#############################################################################

 Configuration : 2 

 Geometric Derivatives ( eV / Angstrom )

-----------------------------------------------------------------------------
 Species.        x           y           z          |r| 
-----------------------------------------------------------------------------
  O  c      -0.000002   -0.000023   -0.000107    0.000110
  O  s       0.000179   -0.000257   -0.000081    0.000324
  O  c       0.000070    0.000068    0.000073    0.000122
  O  s      -0.000387    0.000056   -0.000170    0.000427
  O  c       0.000057   -0.000113   -0.000073    0.000146
  O  s      -0.000396   -0.000091    0.000174    0.000442
  O  c       0.000059    0.000078    0.000103    0.000142
  O  s       0.000240    0.000302    0.000076    0.000394
 Sn          0.000079    0.000019    0.000001    0.000081
 Sn         -0.000052   -0.000004   -0.000047    0.000070
 Sn         -0.000080   -0.000033    0.000042    0.000096
 Sn          0.000233   -0.000003    0.000009    0.000233
-----------------------------------------------------------------------------

 Cycle              :   2
 Gnorm  (eV/Angs)   :   0.000025
 Energy (eV)        :  -134.157299822333

-----------------------------------------------------------------------------

 Lone Pair Molecular Orbital Info ( Lowest EigenValue / EigenVector Set )

-----------------------------------------------------------------------------
 Species.   Energy(eV)       s           px           py          pz 
-----------------------------------------------------------------------------
 Sn         10.296218    0.951041     0.309060     0.000008    -0.001365
 Sn         15.508210    0.933138     0.234862    -0.272068     0.008578
 Sn         15.508778    0.933133     0.234695     0.272153    -0.010652
 Sn         19.079642    0.931570    -0.363559    -0.000017     0.001600
-----------------------------------------------------------------------------

 CONFIGURATION_XYZ_INFO ( step / number of atoms )   :   2  /  12
	8
 SCF DONE -134.157300
  O    1.676514   -1.405558    0.040078
  O   -1.332899    0.041790    1.197201
  O   -1.343438   -0.042177   -1.188653
  O    1.675923    1.406095   -0.058153
 Sn   -3.081745   -0.000285    0.011977
 Sn   -0.343128    1.747729   -0.061493
 Sn   -0.342294   -1.747879    0.061244
 Sn    3.158505    0.000350   -0.015564

 CONFIGURATION_XYZ_SC_INFO
 8	4
  O  c    1.676514   -1.405558    0.040078
  O  s    1.666127   -1.384547    0.039415
  O  c   -1.332899    0.041790    1.197201
  O  s   -1.348788    0.040471    1.159992
  O  c   -1.343438   -0.042177   -1.188653
  O  s   -1.358995   -0.040855   -1.151305
  O  c    1.675923    1.406095   -0.058153
  O  s    1.665535    1.385064   -0.057396
 Sn      -3.081745   -0.000285    0.011977
 Sn      -0.343128    1.747729   -0.061493
 Sn      -0.342294   -1.747879    0.061244
 Sn       3.158505    0.000350   -0.015564

-----------------------------------------------------------------------------

 Initiate Line Search ( Armijo-Goldstein-Wolfe )

 Wolfe-Condition is Achieved !

 Trial Count            :    23
 Original Energy (eV)   :   -134.157299822333
 Trial    Energy (eV)   :   -134.157299834781
 Diff     Energy (eV)   :   -0.000000012447

 Line Search Wtime	:  0.051421 s

-----------------------------------------------------------------------------

 Positive Definiteness ( TRUE )  :    0.000000

 Config RMS ( current_step - previous_step ) : 0.000001

 Finalising Optimisation Step ... 

#############################################################################

 Configuration : 3 

 Geometric Derivatives ( eV / Angstrom )

-----------------------------------------------------------------------------
 Species.        x           y           z          |r| 
-----------------------------------------------------------------------------
  O  c       0.000031   -0.000064   -0.000104    0.000125
  O  s       0.000082   -0.000041   -0.000087    0.000127
  O  c      -0.000011    0.000066    0.000031    0.000073
  O  s      -0.000005    0.000065    0.000114    0.000131
  O  c      -0.000024   -0.000109   -0.000030    0.000115
  O  s      -0.000014   -0.000100   -0.000115    0.000153
  O  c       0.000092    0.000118    0.000099    0.000179
  O  s       0.000130    0.000091    0.000083    0.000179
 Sn         -0.000408    0.000018    0.000005    0.000408
 Sn          0.000048    0.000038   -0.000048    0.000078
 Sn          0.000010   -0.000075    0.000043    0.000087
 Sn          0.000068   -0.000005    0.000010    0.000069
-----------------------------------------------------------------------------

 Cycle              :   3
 Gnorm  (eV/Angs)   :   0.000016
 Energy (eV)        :  -134.157299834781

-----------------------------------------------------------------------------

 Lone Pair Molecular Orbital Info ( Lowest EigenValue / EigenVector Set )

-----------------------------------------------------------------------------
 Species.   Energy(eV)       s           px           py          pz 
-----------------------------------------------------------------------------
 Sn         10.295983    0.951043     0.309055     0.000008    -0.001365
 Sn         15.508305    0.933136     0.234863    -0.272070     0.008577
 Sn         15.508866    0.933132     0.234697     0.272155    -0.010650
 Sn         19.079726    0.931569    -0.363561    -0.000018     0.001600
-----------------------------------------------------------------------------

 CONFIGURATION_XYZ_INFO ( step / number of atoms )   :   3  /  12
	8
 SCF DONE -134.157300
  O    1.676514   -1.405558    0.040081
  O   -1.332901    0.041788    1.197199
  O   -1.343439   -0.042174   -1.188651
  O    1.675922    1.406093   -0.058156
 Sn   -3.081748   -0.000286    0.011977
 Sn   -0.343126    1.747730   -0.061491
 Sn   -0.342292   -1.747878    0.061243
 Sn    3.158498    0.000350   -0.015564

 CONFIGURATION_XYZ_SC_INFO
 8	4
  O  c    1.676514   -1.405558    0.040081
  O  s    1.666122   -1.384540    0.039417
  O  c   -1.332901    0.041788    1.197199
  O  s   -1.348777    0.040470    1.159997
  O  c   -1.343439   -0.042174   -1.188651
  O  s   -1.358984   -0.040852   -1.151310
  O  c    1.675922    1.406093   -0.058156
  O  s    1.665529    1.385055   -0.057399
 Sn      -3.081748   -0.000286    0.011977
 Sn      -0.343126    1.747730   -0.061491
 Sn      -0.342292   -1.747878    0.061243
 Sn       3.158498    0.000350   -0.015564

-----------------------------------------------------------------------------

 Initiate Line Search ( Armijo-Goldstein-Wolfe )

 Wolfe-Condition is Achieved !

 Trial Count            :    22
 Original Energy (eV)   :   -134.157299834781
 Trial    Energy (eV)   :   -134.157299841228
 Diff     Energy (eV)   :   -0.000000006448

 Line Search Wtime	:  0.049350 s

-----------------------------------------------------------------------------

 Positive Definiteness ( TRUE )  :    0.000000

 Config RMS ( current_step - previous_step ) : 0.000001

 Finalising Optimisation Step ... 

#############################################################################

 Configuration : 4 

 Geometric Derivatives ( eV / Angstrom )

-----------------------------------------------------------------------------
 Species.        x           y           z          |r| 
-----------------------------------------------------------------------------
  O  c       0.000042   -0.000059   -0.000101    0.000124
  O  s       0.000017   -0.000038   -0.000086    0.000095
  O  c      -0.000012    0.000065    0.000045    0.000080
  O  s      -0.000216    0.000052   -0.000128    0.000256
  O  c      -0.000024   -0.000107   -0.000045    0.000118
  O  s      -0.000223   -0.000092    0.000128    0.000273
  O  c       0.000100    0.000113    0.000097    0.000179
  O  s       0.000078    0.000081    0.000083    0.000139
 Sn          0.000142    0.000019    0.000002    0.000143
 Sn          0.000036   -0.000061   -0.000044    0.000084
 Sn          0.000006    0.000029    0.000038    0.000048
 Sn          0.000054   -0.000001    0.000010    0.000055
-----------------------------------------------------------------------------

 Cycle              :   4
 Gnorm  (eV/Angs)   :   0.000014
 Energy (eV)        :  -134.157299841228

-----------------------------------------------------------------------------

 Lone Pair Molecular Orbital Info ( Lowest EigenValue / EigenVector Set )

-----------------------------------------------------------------------------
 Species.   Energy(eV)       s           px           py          pz 
-----------------------------------------------------------------------------
 Sn         10.296125    0.951042     0.309059     0.000009    -0.001365
 Sn         15.508270    0.933136     0.234864    -0.272071     0.008575
 Sn         15.508830    0.933132     0.234698     0.272155    -0.010649
 Sn         19.079686    0.931569    -0.363561    -0.000018     0.001600
-----------------------------------------------------------------------------

 CONFIGURATION_XYZ_INFO ( step / number of atoms )   :   4  /  12
	8
 SCF DONE -134.157300
  O    1.676513   -1.405556    0.040085
  O   -1.332901    0.041786    1.197198
  O   -1.343439   -0.042170   -1.188650
  O    1.675919    1.406089   -0.058159
 Sn   -3.081734   -0.000287    0.011977
 Sn   -0.343128    1.747728   -0.061490
 Sn   -0.342292   -1.747876    0.061241
 Sn    3.158496    0.000351   -0.015565

 CONFIGURATION_XYZ_SC_INFO
 8	4
  O  c    1.676513   -1.405556    0.040085
  O  s    1.666120   -1.384538    0.039420
  O  c   -1.332901    0.041786    1.197198
  O  s   -1.348777    0.040467    1.159993
  O  c   -1.343439   -0.042170   -1.188650
  O  s   -1.358984   -0.040849   -1.151306
  O  c    1.675919    1.406089   -0.058159
  O  s    1.665524    1.385052   -0.057401
 Sn      -3.081734   -0.000287    0.011977
 Sn      -0.343128    1.747728   -0.061490
 Sn      -0.342292   -1.747876    0.061241
 Sn       3.158496    0.000351   -0.015565

-----------------------------------------------------------------------------

 Initiate Line Search ( Armijo-Goldstein-Wolfe )

 Wolfe-Condition is Achieved !

 Trial Count            :    23
 Original Energy (eV)   :   -134.157299841228
 Trial    Energy (eV)   :   -134.157299845178
 Diff     Energy (eV)   :   -0.000000003950

 Line Search Wtime	:  0.051112 s

-----------------------------------------------------------------------------

 Positive Definiteness ( TRUE )  :    0.000000

 Config RMS ( current_step - previous_step ) : 0.000000

 Finalising Optimisation Step ... 

#############################################################################

 Configuration : 5 

 Geometric Derivatives ( eV / Angstrom )

-----------------------------------------------------------------------------
 Species.        x           y           z          |r| 
-----------------------------------------------------------------------------
  O  c       0.000038   -0.000056   -0.000100    0.000121
  O  s       0.000034    0.000027   -0.000087    0.000097
  O  c      -0.000048    0.000063    0.000016    0.000081
  O  s       0.000041    0.000061    0.000091    0.000116
  O  c      -0.000059   -0.000104   -0.000015    0.000121
  O  s       0.000032   -0.000097   -0.000092    0.000137
  O  c       0.000097    0.000109    0.000096    0.000174
  O  s       0.000080    0.000023    0.000084    0.000118
 Sn         -0.000237    0.000017    0.000004    0.000237
 Sn          0.000011    0.000007   -0.000046    0.000048
 Sn         -0.000028   -0.000043    0.000040    0.000065
 Sn          0.000040   -0.000006    0.000010    0.000041
-----------------------------------------------------------------------------

 Cycle              :   5
 Gnorm  (eV/Angs)   :   0.000012
 Energy (eV)        :  -134.157299845178

-----------------------------------------------------------------------------

 Lone Pair Molecular Orbital Info ( Lowest EigenValue / EigenVector Set )

-----------------------------------------------------------------------------
 Species.   Energy(eV)       s           px           py          pz 
-----------------------------------------------------------------------------
 Sn         10.295945    0.951043     0.309055     0.000009    -0.001365
 Sn         15.508310    0.933136     0.234865    -0.272071     0.008574
 Sn         15.508858    0.933132     0.234699     0.272156    -0.010648
 Sn         19.079739    0.931569    -0.363562    -0.000018     0.001600
-----------------------------------------------------------------------------

 CONFIGURATION_XYZ_INFO ( step / number of atoms )   :   5  /  12
	8
 SCF DONE -134.157300
  O    1.676512   -1.405554    0.040087
  O   -1.332900    0.041784    1.197197
  O   -1.343438   -0.042167   -1.188649
  O    1.675916    1.406086   -0.058162
 Sn   -3.081738   -0.000287    0.011977
 Sn   -0.343129    1.747730   -0.061489
 Sn   -0.342292   -1.747877    0.061240
 Sn    3.158494    0.000351   -0.015565

 CONFIGURATION_XYZ_SC_INFO
 8	4
  O  c    1.676512   -1.405554    0.040087
  O  s    1.666119   -1.384537    0.039422
  O  c   -1.332900    0.041784    1.197197
  O  s   -1.348771    0.040466    1.159996
  O  c   -1.343438   -0.042167   -1.188649
  O  s   -1.358978   -0.040846   -1.151309
  O  c    1.675916    1.406086   -0.058162
  O  s    1.665522    1.385050   -0.057404
 Sn      -3.081738   -0.000287    0.011977
 Sn      -0.343129    1.747730   -0.061489
 Sn      -0.342292   -1.747877    0.061240
 Sn       3.158494    0.000351   -0.015565

-----------------------------------------------------------------------------

 Initiate Line Search ( Armijo-Goldstein-Wolfe )

 Wolfe-Condition is Achieved !

 Trial Count            :    21
 Original Energy (eV)   :   -134.157299845178
 Trial    Energy (eV)   :   -134.157299848881
 Diff     Energy (eV)   :   -0.000000003703

 Line Search Wtime	:  0.047625 s

-----------------------------------------------------------------------------

 Positive Definiteness ( TRUE )  :    0.000000

 Config RMS ( current_step - previous_step ) : 0.000000

 Finalising Optimisation Step ... 

#############################################################################

 Configuration : 6 

 Geometric Derivatives ( eV / Angstrom )

-----------------------------------------------------------------------------
 Species.        x           y           z          |r| 
-----------------------------------------------------------------------------
  O  c       0.000036   -0.000036   -0.000098    0.000110
  O  s      -0.000042   -0.000037   -0.000082    0.000100
  O  c      -0.000028    0.000062    0.000032    0.000075
  O  s      -0.000175    0.000049   -0.000129    0.000223
  O  c      -0.000038   -0.000102   -0.000032    0.000114
  O  s      -0.000181   -0.000089    0.000130    0.000240
  O  c       0.000093    0.000089    0.000094    0.000159
  O  s       0.000022    0.000077    0.000081    0.000113
 Sn          0.000189    0.000018    0.000002    0.000190
 Sn          0.000054   -0.000074   -0.000042    0.000101
 Sn          0.000027    0.000043    0.000036    0.000063
 Sn          0.000043   -0.000000    0.000009    0.000044
-----------------------------------------------------------------------------

 Cycle              :   6
 Gnorm  (eV/Angs)   :   0.000014
 Energy (eV)        :  -134.157299848881

-----------------------------------------------------------------------------

 Lone Pair Molecular Orbital Info ( Lowest EigenValue / EigenVector Set )

-----------------------------------------------------------------------------
 Species.   Energy(eV)       s           px           py          pz 
-----------------------------------------------------------------------------
 Sn         10.296094    0.951042     0.309059     0.000009    -0.001365
 Sn         15.508292    0.933136     0.234865    -0.272072     0.008573
 Sn         15.508839    0.933131     0.234699     0.272156    -0.010646
 Sn         19.079682    0.931569    -0.363562    -0.000018     0.001601
-----------------------------------------------------------------------------

 CONFIGURATION_XYZ_INFO ( step / number of atoms )   :   6  /  12
	8
 SCF DONE -134.157300
  O    1.676510   -1.405552    0.040091
  O   -1.332898    0.041781    1.197196
  O   -1.343436   -0.042163   -1.188648
  O    1.675912    1.406082   -0.058166
 Sn   -3.081729   -0.000288    0.011977
 Sn   -0.343129    1.747730   -0.061487
 Sn   -0.342291   -1.747875    0.061239
 Sn    3.158493    0.000351   -0.015565

 CONFIGURATION_XYZ_SC_INFO
 8	4
  O  c    1.676510   -1.405552    0.040091
  O  s    1.666118   -1.384538    0.039425
  O  c   -1.332898    0.041781    1.197196
  O  s   -1.348772    0.040464    1.159993
  O  c   -1.343436   -0.042163   -1.188648
  O  s   -1.358979   -0.040842   -1.151306
  O  c    1.675912    1.406082   -0.058166
  O  s    1.665519    1.385049   -0.057407
 Sn      -3.081729   -0.000288    0.011977
 Sn      -0.343129    1.747730   -0.061487
 Sn      -0.342291   -1.747875    0.061239
 Sn       3.158493    0.000351   -0.015565

-----------------------------------------------------------------------------

 Initiate Line Search ( Armijo-Goldstein-Wolfe )

 Wolfe-Condition is Achieved !

 Trial Count            :    25
 Original Energy (eV)   :   -134.157299848881
 Trial    Energy (eV)   :   -134.157299851981
 Diff     Energy (eV)   :   -0.000000003100

 Line Search Wtime	:  0.054065 s

-----------------------------------------------------------------------------

 Positive Definiteness ( TRUE )  :    0.000000

 Config RMS ( current_step - previous_step ) : 0.000000

 Finalising Optimisation Step ... 

#############################################################################

 Optimisation Meets Termination Condition, Final Configuration is

 Geometric Derivatives ( eV / Angstrom )

-----------------------------------------------------------------------------
 Species.        x           y           z          |r| 
-----------------------------------------------------------------------------
  O  c       0.000027   -0.000037   -0.000097    0.000107
  O  s       0.000032    0.000030   -0.000084    0.000095
  O  c      -0.000046    0.000060    0.000013    0.000077
  O  s       0.000002    0.000056    0.000032    0.000065
  O  c      -0.000056   -0.000100   -0.000013    0.000116
  O  s      -0.000007   -0.000092   -0.000033    0.000098
  O  c       0.000084    0.000088    0.000093    0.000153
  O  s       0.000079    0.000018    0.000081    0.000115
 Sn         -0.000091    0.000017    0.000004    0.000093
 Sn          0.000005   -0.000010   -0.000044    0.000045
 Sn         -0.000033   -0.000025    0.000039    0.000056
 Sn          0.000005   -0.000005    0.000009    0.000012
-----------------------------------------------------------------------------

 Cycle              :   6
 Gnorm  (eV/Angs)   :   0.000009
 Energy (eV)        :  -134.157299851979

-----------------------------------------------------------------------------

 Lone Pair Molecular Orbital ( Lowest Eigenvalue / EigenVector )

-----------------------------------------------------------------------------
 Species.   Energy(eV)       s           px           py          pz 
-----------------------------------------------------------------------------
 Sn         10.295962    0.951043     0.309056     0.000010    -0.001365
 Sn         15.508307    0.933135     0.234865    -0.272072     0.008572
 Sn         15.508843    0.933131     0.234699     0.272156    -0.010646
 Sn         19.079743    0.931568    -0.363562    -0.000019     0.001601
-----------------------------------------------------------------------------

 CONFIGURATION_XYZ_INFO ( final / number of atoms )   :   12
	8
 SCF DONE -134.157300
  O    1.676509   -1.405551    0.040093
  O   -1.332898    0.041780    1.197196
  O   -1.343435   -0.042161   -1.188648
  O    1.675910    1.406080   -0.058168
 Sn   -3.081733   -0.000288    0.011976
 Sn   -0.343131    1.747731   -0.061486
 Sn   -0.342292   -1.747876    0.061238
 Sn    3.158492    0.000351   -0.015566

 CONFIGURATION_XYZ_SC_INFO
 8	4
  O  c    1.676509   -1.405551    0.040093
  O  s    1.666119   -1.384537    0.039427
  O  c   -1.332898    0.041780    1.197196
  O  s   -1.348769    0.040463    1.159995
  O  c   -1.343435   -0.042161   -1.188648
  O  s   -1.358975   -0.040841   -1.151308
  O  c    1.675910    1.406080   -0.058168
  O  s    1.665519    1.385047   -0.057409
 Sn      -3.081733   -0.000288    0.011976
 Sn      -0.343131    1.747731   -0.061486
 Sn      -0.342292   -1.747876    0.061238
 Sn       3.158492    0.000351   -0.015566

-----------------------------------------------------------------------------
#############################################################################

 Computation Wtime :    0.340170 s

 Date		   :	2020-06-04 04:31:15

 output xyz 	   :	tdrive.xyz
 next config	   :	geo.txt.next

#############################################################################
